c:\users\avxl0\onedrive\documents\github\sp2framework\application\debug\vc142.pdb
c:\users\avxl0\onedrive\documents\github\sp2framework\application\debug\vc142.idb
c:\users\avxl0\onedrive\documents\github\sp2framework\application\debug\sceneoffice.obj
c:\users\avxl0\onedrive\documents\github\sp2framework\application\debug\scenemenu.obj
c:\users\avxl0\onedrive\documents\github\sp2framework\application\debug\sceneloading.obj
c:\users\avxl0\onedrive\documents\github\sp2framework\application\debug\scenehome.obj
c:\users\avxl0\onedrive\documents\github\sp2framework\application\debug\scenefinal.obj
c:\users\avxl0\onedrive\documents\github\sp2framework\application\debug\scenecity.obj
c:\users\avxl0\onedrive\documents\github\sp2framework\application\debug\player.obj
c:\users\avxl0\onedrive\documents\github\sp2framework\application\debug\phone.obj
c:\users\avxl0\onedrive\documents\github\sp2framework\application\debug\meshbuilder.obj
c:\users\avxl0\onedrive\documents\github\sp2framework\application\debug\mesh.obj
c:\users\avxl0\onedrive\documents\github\sp2framework\application\debug\main.obj
c:\users\avxl0\onedrive\documents\github\sp2framework\application\debug\loadtga.obj
c:\users\avxl0\onedrive\documents\github\sp2framework\application\debug\loadobj.obj
c:\users\avxl0\onedrive\documents\github\sp2framework\application\debug\gamemanager.obj
c:\users\avxl0\onedrive\documents\github\sp2framework\application\debug\game.obj
c:\users\avxl0\onedrive\documents\github\sp2framework\application\debug\firstpersoncamera.obj
c:\users\avxl0\onedrive\documents\github\sp2framework\application\debug\dialogue.obj
c:\users\avxl0\onedrive\documents\github\sp2framework\application\debug\clock.obj
c:\users\avxl0\onedrive\documents\github\sp2framework\application\debug\camera.obj
c:\users\avxl0\onedrive\documents\github\sp2framework\application\debug\application.obj
c:\users\avxl0\onedrive\documents\github\sp2framework\application\debug\utility.obj
c:\users\avxl0\onedrive\documents\github\sp2framework\application\debug\shader.obj
c:\users\avxl0\onedrive\documents\github\sp2framework\application\debug\scenetemplate.obj
c:\users\avxl0\onedrive\documents\github\sp2framework\debug\application.pdb
c:\users\avxl0\onedrive\documents\github\sp2framework\application\debug\application.tlog\cl.command.1.tlog
c:\users\avxl0\onedrive\documents\github\sp2framework\application\debug\application.tlog\cl.read.1.tlog
c:\users\avxl0\onedrive\documents\github\sp2framework\application\debug\application.tlog\cl.write.1.tlog
c:\users\avxl0\onedrive\documents\github\sp2framework\application\debug\application.tlog\link-cvtres.read.1.tlog
c:\users\avxl0\onedrive\documents\github\sp2framework\application\debug\application.tlog\link-cvtres.write.1.tlog
c:\users\avxl0\onedrive\documents\github\sp2framework\application\debug\application.tlog\link-rc.read.1.tlog
c:\users\avxl0\onedrive\documents\github\sp2framework\application\debug\application.tlog\link-rc.write.1.tlog
c:\users\avxl0\onedrive\documents\github\sp2framework\application\debug\application.tlog\link.command.1.tlog
c:\users\avxl0\onedrive\documents\github\sp2framework\application\debug\application.tlog\link.read.1.tlog
c:\users\avxl0\onedrive\documents\github\sp2framework\application\debug\application.tlog\link.write.1.tlog
